<?xml version="1.0" encoding="UTF-8"?>
<!-- Generated by org.testng.reporters.JUnitReportReporter -->
<testsuite hostname="OsamaAsusLaptop" failures="0" tests="1" name="testngTests.Test2" time="16.898" errors="0" timestamp="17 Dec 2020 20:56:43 GMT" skipped="0">
  <testcase classname="testngTests.Test2" name="ValidateNoDuplicateCategoryAndMessageDisplayed" time="16.898"/>
</testsuite> <!-- testngTests.Test2 -->
