<?xml version="1.0" encoding="UTF-8"?>
<!-- Generated by org.testng.reporters.JUnitReportReporter -->
<testsuite hostname="OsamaAsusLaptop" failures="0" tests="1" name="testngTests.Test1" time="15.300" errors="0" timestamp="17 Dec 2020 19:24:09 GMT" skipped="0">
  <testcase classname="testngTests.Test1" name="ValidateAddCategoryAndDisplayed" time="15.300"/>
</testsuite> <!-- testngTests.Test1 -->
