<?xml version="1.0" encoding="UTF-8"?>
<!-- Generated by org.testng.reporters.JUnitReportReporter -->
<testsuite hostname="OsamaAsusLaptop" failures="0" tests="1" name="testngTests.Test3" time="10.381" errors="0" timestamp="17 Dec 2020 22:17:04 GMT" skipped="0">
  <testcase classname="testngTests.Test3" name="ValidateMonthDropDownHasAllMonths" time="10.381"/>
</testsuite> <!-- testngTests.Test3 -->
